have_library: checking for BIO_read() in -lcrypto... -------------------- yes

"gcc -o conftest -I/home/zapotek/arachni-build-dir/arachni/system/usr/include/ruby-2.2.0/x86_64-linux -I/home/zapotek/arachni-build-dir/arachni/system/usr/include/ruby-2.2.0/ruby/backward -I/home/zapotek/arachni-build-dir/arachni/system/usr/include/ruby-2.2.0 -I.  -I/home/zapotek/arachni-build-dir/arachni/system/usr/include    -O3 -fno-fast-math -ggdb3 -Wall -Wextra -Wno-unused-parameter -Wno-parentheses -Wno-long-long -Wno-missing-field-initializers -Wunused-variable -Wpointer-arith -Wwrite-strings -Wdeclaration-after-statement -Wimplicit-function-declaration -Wdeprecated-declarations -Wno-packed-bitfield-compat  -fPIC conftest.c  -L/home/zapotek/arachni-build-dir/arachni/system/usr/lib -Wl,-R/home/zapotek/arachni-build-dir/arachni/system/usr/lib -L. -L/home/zapotek/arachni-build-dir/arachni/system/usr/lib -Wl,-R/home/zapotek/arachni-build-dir/arachni/system/usr/lib -L. -fstack-protector -rdynamic -Wl,-export-dynamic -L/home/zapotek/arachni-build-dir/arachni/system/usr/lib  -Wl,-R/home/zapotek/arachni-build-dir/arachni/system/usr/lib      -Wl,-R/home/zapotek/arachni-build-dir/arachni/system/usr/lib -L/home/zapotek/arachni-build-dir/arachni/system/usr/lib -lruby  -lpthread -lrt -ldl -lcrypt -lm   -lc"
checked program was:
/* begin */
1: #include "ruby.h"
2: 
3: int main(int argc, char **argv)
4: {
5:   return 0;
6: }
/* end */

"gcc -o conftest -I/home/zapotek/arachni-build-dir/arachni/system/usr/include/ruby-2.2.0/x86_64-linux -I/home/zapotek/arachni-build-dir/arachni/system/usr/include/ruby-2.2.0/ruby/backward -I/home/zapotek/arachni-build-dir/arachni/system/usr/include/ruby-2.2.0 -I.  -I/home/zapotek/arachni-build-dir/arachni/system/usr/include    -O3 -fno-fast-math -ggdb3 -Wall -Wextra -Wno-unused-parameter -Wno-parentheses -Wno-long-long -Wno-missing-field-initializers -Wunused-variable -Wpointer-arith -Wwrite-strings -Wdeclaration-after-statement -Wimplicit-function-declaration -Wdeprecated-declarations -Wno-packed-bitfield-compat  -fPIC conftest.c  -L/home/zapotek/arachni-build-dir/arachni/system/usr/lib -Wl,-R/home/zapotek/arachni-build-dir/arachni/system/usr/lib -L. -L/home/zapotek/arachni-build-dir/arachni/system/usr/lib -Wl,-R/home/zapotek/arachni-build-dir/arachni/system/usr/lib -L. -fstack-protector -rdynamic -Wl,-export-dynamic -L/home/zapotek/arachni-build-dir/arachni/system/usr/lib  -Wl,-R/home/zapotek/arachni-build-dir/arachni/system/usr/lib      -Wl,-R/home/zapotek/arachni-build-dir/arachni/system/usr/lib -L/home/zapotek/arachni-build-dir/arachni/system/usr/lib -lruby -lcrypto  -lpthread -lrt -ldl -lcrypt -lm   -lc"
conftest.c: In function ‘t’:
conftest.c:13: error: ‘BIO_read’ undeclared (first use in this function)
conftest.c:13: error: (Each undeclared identifier is reported only once
conftest.c:13: error: for each function it appears in.)
checked program was:
/* begin */
 1: #include "ruby.h"
 2: 
 3: /*top*/
 4: extern int t(void);
 5: int main(int argc, char **argv)
 6: {
 7:   if (argc > 1000000) {
 8:     printf("%p", &t);
 9:   }
10: 
11:   return 0;
12: }
13: int t(void) { void ((*volatile p)()); p = (void ((*)()))BIO_read; return 0; }
/* end */

"gcc -o conftest -I/home/zapotek/arachni-build-dir/arachni/system/usr/include/ruby-2.2.0/x86_64-linux -I/home/zapotek/arachni-build-dir/arachni/system/usr/include/ruby-2.2.0/ruby/backward -I/home/zapotek/arachni-build-dir/arachni/system/usr/include/ruby-2.2.0 -I.  -I/home/zapotek/arachni-build-dir/arachni/system/usr/include    -O3 -fno-fast-math -ggdb3 -Wall -Wextra -Wno-unused-parameter -Wno-parentheses -Wno-long-long -Wno-missing-field-initializers -Wunused-variable -Wpointer-arith -Wwrite-strings -Wdeclaration-after-statement -Wimplicit-function-declaration -Wdeprecated-declarations -Wno-packed-bitfield-compat  -fPIC conftest.c  -L/home/zapotek/arachni-build-dir/arachni/system/usr/lib -Wl,-R/home/zapotek/arachni-build-dir/arachni/system/usr/lib -L. -L/home/zapotek/arachni-build-dir/arachni/system/usr/lib -Wl,-R/home/zapotek/arachni-build-dir/arachni/system/usr/lib -L. -fstack-protector -rdynamic -Wl,-export-dynamic -L/home/zapotek/arachni-build-dir/arachni/system/usr/lib  -Wl,-R/home/zapotek/arachni-build-dir/arachni/system/usr/lib      -Wl,-R/home/zapotek/arachni-build-dir/arachni/system/usr/lib -L/home/zapotek/arachni-build-dir/arachni/system/usr/lib -lruby -lcrypto  -lpthread -lrt -ldl -lcrypt -lm   -lc"
conftest.c: In function ‘t’:
conftest.c:13: warning: implicit declaration of function ‘BIO_read’
checked program was:
/* begin */
 1: #include "ruby.h"
 2: 
 3: /*top*/
 4: extern int t(void);
 5: int main(int argc, char **argv)
 6: {
 7:   if (argc > 1000000) {
 8:     printf("%p", &t);
 9:   }
10: 
11:   return 0;
12: }
13: int t(void) { BIO_read(); return 0; }
/* end */

--------------------

have_library: checking for SSL_CTX_new() in -lssl... -------------------- yes

"gcc -o conftest -I/home/zapotek/arachni-build-dir/arachni/system/usr/include/ruby-2.2.0/x86_64-linux -I/home/zapotek/arachni-build-dir/arachni/system/usr/include/ruby-2.2.0/ruby/backward -I/home/zapotek/arachni-build-dir/arachni/system/usr/include/ruby-2.2.0 -I.  -I/home/zapotek/arachni-build-dir/arachni/system/usr/include    -O3 -fno-fast-math -ggdb3 -Wall -Wextra -Wno-unused-parameter -Wno-parentheses -Wno-long-long -Wno-missing-field-initializers -Wunused-variable -Wpointer-arith -Wwrite-strings -Wdeclaration-after-statement -Wimplicit-function-declaration -Wdeprecated-declarations -Wno-packed-bitfield-compat  -fPIC conftest.c  -L/home/zapotek/arachni-build-dir/arachni/system/usr/lib -Wl,-R/home/zapotek/arachni-build-dir/arachni/system/usr/lib -L. -L/home/zapotek/arachni-build-dir/arachni/system/usr/lib -Wl,-R/home/zapotek/arachni-build-dir/arachni/system/usr/lib -L. -fstack-protector -rdynamic -Wl,-export-dynamic -L/home/zapotek/arachni-build-dir/arachni/system/usr/lib  -Wl,-R/home/zapotek/arachni-build-dir/arachni/system/usr/lib     -lcrypto  -Wl,-R/home/zapotek/arachni-build-dir/arachni/system/usr/lib -L/home/zapotek/arachni-build-dir/arachni/system/usr/lib -lruby -lssl -lcrypto  -lpthread -lrt -ldl -lcrypt -lm   -lc"
conftest.c: In function ‘t’:
conftest.c:13: error: ‘SSL_CTX_new’ undeclared (first use in this function)
conftest.c:13: error: (Each undeclared identifier is reported only once
conftest.c:13: error: for each function it appears in.)
checked program was:
/* begin */
 1: #include "ruby.h"
 2: 
 3: /*top*/
 4: extern int t(void);
 5: int main(int argc, char **argv)
 6: {
 7:   if (argc > 1000000) {
 8:     printf("%p", &t);
 9:   }
10: 
11:   return 0;
12: }
13: int t(void) { void ((*volatile p)()); p = (void ((*)()))SSL_CTX_new; return 0; }
/* end */

"gcc -o conftest -I/home/zapotek/arachni-build-dir/arachni/system/usr/include/ruby-2.2.0/x86_64-linux -I/home/zapotek/arachni-build-dir/arachni/system/usr/include/ruby-2.2.0/ruby/backward -I/home/zapotek/arachni-build-dir/arachni/system/usr/include/ruby-2.2.0 -I.  -I/home/zapotek/arachni-build-dir/arachni/system/usr/include    -O3 -fno-fast-math -ggdb3 -Wall -Wextra -Wno-unused-parameter -Wno-parentheses -Wno-long-long -Wno-missing-field-initializers -Wunused-variable -Wpointer-arith -Wwrite-strings -Wdeclaration-after-statement -Wimplicit-function-declaration -Wdeprecated-declarations -Wno-packed-bitfield-compat  -fPIC conftest.c  -L/home/zapotek/arachni-build-dir/arachni/system/usr/lib -Wl,-R/home/zapotek/arachni-build-dir/arachni/system/usr/lib -L. -L/home/zapotek/arachni-build-dir/arachni/system/usr/lib -Wl,-R/home/zapotek/arachni-build-dir/arachni/system/usr/lib -L. -fstack-protector -rdynamic -Wl,-export-dynamic -L/home/zapotek/arachni-build-dir/arachni/system/usr/lib  -Wl,-R/home/zapotek/arachni-build-dir/arachni/system/usr/lib     -lcrypto  -Wl,-R/home/zapotek/arachni-build-dir/arachni/system/usr/lib -L/home/zapotek/arachni-build-dir/arachni/system/usr/lib -lruby -lssl -lcrypto  -lpthread -lrt -ldl -lcrypt -lm   -lc"
conftest.c: In function ‘t’:
conftest.c:13: warning: implicit declaration of function ‘SSL_CTX_new’
checked program was:
/* begin */
 1: #include "ruby.h"
 2: 
 3: /*top*/
 4: extern int t(void);
 5: int main(int argc, char **argv)
 6: {
 7:   if (argc > 1000000) {
 8:     printf("%p", &t);
 9:   }
10: 
11:   return 0;
12: }
13: int t(void) { SSL_CTX_new(); return 0; }
/* end */

--------------------

have_header: checking for openssl/bio.h... -------------------- yes

"gcc -E -I/home/zapotek/arachni-build-dir/arachni/system/usr/include/ruby-2.2.0/x86_64-linux -I/home/zapotek/arachni-build-dir/arachni/system/usr/include/ruby-2.2.0/ruby/backward -I/home/zapotek/arachni-build-dir/arachni/system/usr/include/ruby-2.2.0 -I.  -I/home/zapotek/arachni-build-dir/arachni/system/usr/include    -O3 -fno-fast-math -ggdb3 -Wall -Wextra -Wno-unused-parameter -Wno-parentheses -Wno-long-long -Wno-missing-field-initializers -Wunused-variable -Wpointer-arith -Wwrite-strings -Wdeclaration-after-statement -Wimplicit-function-declaration -Wdeprecated-declarations -Wno-packed-bitfield-compat  -fPIC  conftest.c -o conftest.i"
checked program was:
/* begin */
1: #include "ruby.h"
2: 
3: #include <openssl/bio.h>
/* end */

--------------------

