package configuration for libffi is not found
have_header: checking for ffi.h... -------------------- no

"gcc -o conftest -I/home/zapotek/arachni-build-dir/arachni/system/usr/include/ruby-2.2.0/x86_64-linux -I/home/zapotek/arachni-build-dir/arachni/system/usr/include/ruby-2.2.0/ruby/backward -I/home/zapotek/arachni-build-dir/arachni/system/usr/include/ruby-2.2.0 -I.  -I/home/zapotek/arachni-build-dir/arachni/system/usr/include    -O3 -fno-fast-math -ggdb3 -Wall -Wextra -Wno-unused-parameter -Wno-parentheses -Wno-long-long -Wno-missing-field-initializers -Wunused-variable -Wpointer-arith -Wwrite-strings -Wdeclaration-after-statement -Wimplicit-function-declaration -Wdeprecated-declarations -Wno-packed-bitfield-compat  -fPIC conftest.c  -L/home/zapotek/arachni-build-dir/arachni/system/usr/lib -Wl,-R/home/zapotek/arachni-build-dir/arachni/system/usr/lib -L. -L/home/zapotek/arachni-build-dir/arachni/system/usr/lib -Wl,-R/home/zapotek/arachni-build-dir/arachni/system/usr/lib -L. -fstack-protector -rdynamic -Wl,-export-dynamic -L/home/zapotek/arachni-build-dir/arachni/system/usr/lib  -Wl,-R/home/zapotek/arachni-build-dir/arachni/system/usr/lib      -Wl,-R/home/zapotek/arachni-build-dir/arachni/system/usr/lib -L/home/zapotek/arachni-build-dir/arachni/system/usr/lib -lruby  -lpthread -lrt -ldl -lcrypt -lm   -lc"
checked program was:
/* begin */
1: #include "ruby.h"
2: 
3: int main(int argc, char **argv)
4: {
5:   return 0;
6: }
/* end */

"gcc -E -I/home/zapotek/arachni-build-dir/arachni/system/usr/include/ruby-2.2.0/x86_64-linux -I/home/zapotek/arachni-build-dir/arachni/system/usr/include/ruby-2.2.0/ruby/backward -I/home/zapotek/arachni-build-dir/arachni/system/usr/include/ruby-2.2.0 -I.  -I/home/zapotek/arachni-build-dir/arachni/system/usr/include    -O3 -fno-fast-math -ggdb3 -Wall -Wextra -Wno-unused-parameter -Wno-parentheses -Wno-long-long -Wno-missing-field-initializers -Wunused-variable -Wpointer-arith -Wwrite-strings -Wdeclaration-after-statement -Wimplicit-function-declaration -Wdeprecated-declarations -Wno-packed-bitfield-compat  -fPIC  conftest.c -o conftest.i"
conftest.c:3:17: error: ffi.h: No such file or directory
checked program was:
/* begin */
1: #include "ruby.h"
2: 
3: #include <ffi.h>
/* end */

--------------------

find_header: checking for ffi.h in /usr/local/include,/usr/include/ffi... -------------------- no

"gcc -E -I/home/zapotek/arachni-build-dir/arachni/system/usr/include/ruby-2.2.0/x86_64-linux -I/home/zapotek/arachni-build-dir/arachni/system/usr/include/ruby-2.2.0/ruby/backward -I/home/zapotek/arachni-build-dir/arachni/system/usr/include/ruby-2.2.0 -I.  -I/home/zapotek/arachni-build-dir/arachni/system/usr/include    -O3 -fno-fast-math -ggdb3 -Wall -Wextra -Wno-unused-parameter -Wno-parentheses -Wno-long-long -Wno-missing-field-initializers -Wunused-variable -Wpointer-arith -Wwrite-strings -Wdeclaration-after-statement -Wimplicit-function-declaration -Wdeprecated-declarations -Wno-packed-bitfield-compat  -fPIC  conftest.c -o conftest.i"
conftest.c:3:17: error: ffi.h: No such file or directory
checked program was:
/* begin */
1: #include "ruby.h"
2: 
3: #include <ffi.h>
/* end */

"gcc -E -I/home/zapotek/arachni-build-dir/arachni/system/usr/include/ruby-2.2.0/x86_64-linux -I/home/zapotek/arachni-build-dir/arachni/system/usr/include/ruby-2.2.0/ruby/backward -I/home/zapotek/arachni-build-dir/arachni/system/usr/include/ruby-2.2.0 -I.  -I/home/zapotek/arachni-build-dir/arachni/system/usr/include    -O3 -fno-fast-math -ggdb3 -Wall -Wextra -Wno-unused-parameter -Wno-parentheses -Wno-long-long -Wno-missing-field-initializers -Wunused-variable -Wpointer-arith -Wwrite-strings -Wdeclaration-after-statement -Wimplicit-function-declaration -Wdeprecated-declarations -Wno-packed-bitfield-compat  -fPIC -I/usr/local/include conftest.c -o conftest.i"
conftest.c:3:17: error: ffi.h: No such file or directory
checked program was:
/* begin */
1: #include "ruby.h"
2: 
3: #include <ffi.h>
/* end */

"gcc -E -I/home/zapotek/arachni-build-dir/arachni/system/usr/include/ruby-2.2.0/x86_64-linux -I/home/zapotek/arachni-build-dir/arachni/system/usr/include/ruby-2.2.0/ruby/backward -I/home/zapotek/arachni-build-dir/arachni/system/usr/include/ruby-2.2.0 -I.  -I/home/zapotek/arachni-build-dir/arachni/system/usr/include    -O3 -fno-fast-math -ggdb3 -Wall -Wextra -Wno-unused-parameter -Wno-parentheses -Wno-long-long -Wno-missing-field-initializers -Wunused-variable -Wpointer-arith -Wwrite-strings -Wdeclaration-after-statement -Wimplicit-function-declaration -Wdeprecated-declarations -Wno-packed-bitfield-compat  -fPIC -I/usr/include/ffi conftest.c -o conftest.i"
conftest.c:3:17: error: ffi.h: No such file or directory
checked program was:
/* begin */
1: #include "ruby.h"
2: 
3: #include <ffi.h>
/* end */

--------------------

have_header: checking for shlwapi.h... -------------------- no

"gcc -E -I/home/zapotek/arachni-build-dir/arachni/system/usr/include/ruby-2.2.0/x86_64-linux -I/home/zapotek/arachni-build-dir/arachni/system/usr/include/ruby-2.2.0/ruby/backward -I/home/zapotek/arachni-build-dir/arachni/system/usr/include/ruby-2.2.0 -I.  -I/home/zapotek/arachni-build-dir/arachni/system/usr/include    -O3 -fno-fast-math -ggdb3 -Wall -Wextra -Wno-unused-parameter -Wno-parentheses -Wno-long-long -Wno-missing-field-initializers -Wunused-variable -Wpointer-arith -Wwrite-strings -Wdeclaration-after-statement -Wimplicit-function-declaration -Wdeprecated-declarations -Wno-packed-bitfield-compat  -fPIC  conftest.c -o conftest.i"
conftest.c:3:21: error: shlwapi.h: No such file or directory
checked program was:
/* begin */
1: #include "ruby.h"
2: 
3: #include <shlwapi.h>
/* end */

--------------------

have_func: checking for rb_thread_blocking_region()... -------------------- no

"gcc -o conftest -I/home/zapotek/arachni-build-dir/arachni/system/usr/include/ruby-2.2.0/x86_64-linux -I/home/zapotek/arachni-build-dir/arachni/system/usr/include/ruby-2.2.0/ruby/backward -I/home/zapotek/arachni-build-dir/arachni/system/usr/include/ruby-2.2.0 -I.  -I/home/zapotek/arachni-build-dir/arachni/system/usr/include    -O3 -fno-fast-math -ggdb3 -Wall -Wextra -Wno-unused-parameter -Wno-parentheses -Wno-long-long -Wno-missing-field-initializers -Wunused-variable -Wpointer-arith -Wwrite-strings -Wdeclaration-after-statement -Wimplicit-function-declaration -Wdeprecated-declarations -Wno-packed-bitfield-compat  -fPIC conftest.c  -L/home/zapotek/arachni-build-dir/arachni/system/usr/lib -Wl,-R/home/zapotek/arachni-build-dir/arachni/system/usr/lib -L. -L/home/zapotek/arachni-build-dir/arachni/system/usr/lib -Wl,-R/home/zapotek/arachni-build-dir/arachni/system/usr/lib -L. -fstack-protector -rdynamic -Wl,-export-dynamic -L/home/zapotek/arachni-build-dir/arachni/system/usr/lib  -Wl,-R/home/zapotek/arachni-build-dir/arachni/system/usr/lib      -Wl,-R/home/zapotek/arachni-build-dir/arachni/system/usr/lib -L/home/zapotek/arachni-build-dir/arachni/system/usr/lib -lruby  -lpthread -lrt -ldl -lcrypt -lm   -lc"
conftest.c: In function ‘t’:
conftest.c:13: error: ‘rb_thread_blocking_region’ undeclared (first use in this function)
conftest.c:13: error: (Each undeclared identifier is reported only once
conftest.c:13: error: for each function it appears in.)
checked program was:
/* begin */
 1: #include "ruby.h"
 2: 
 3: /*top*/
 4: extern int t(void);
 5: int main(int argc, char **argv)
 6: {
 7:   if (argc > 1000000) {
 8:     printf("%p", &t);
 9:   }
10: 
11:   return 0;
12: }
13: int t(void) { void ((*volatile p)()); p = (void ((*)()))rb_thread_blocking_region; return 0; }
/* end */

"gcc -o conftest -I/home/zapotek/arachni-build-dir/arachni/system/usr/include/ruby-2.2.0/x86_64-linux -I/home/zapotek/arachni-build-dir/arachni/system/usr/include/ruby-2.2.0/ruby/backward -I/home/zapotek/arachni-build-dir/arachni/system/usr/include/ruby-2.2.0 -I.  -I/home/zapotek/arachni-build-dir/arachni/system/usr/include    -O3 -fno-fast-math -ggdb3 -Wall -Wextra -Wno-unused-parameter -Wno-parentheses -Wno-long-long -Wno-missing-field-initializers -Wunused-variable -Wpointer-arith -Wwrite-strings -Wdeclaration-after-statement -Wimplicit-function-declaration -Wdeprecated-declarations -Wno-packed-bitfield-compat  -fPIC conftest.c  -L/home/zapotek/arachni-build-dir/arachni/system/usr/lib -Wl,-R/home/zapotek/arachni-build-dir/arachni/system/usr/lib -L. -L/home/zapotek/arachni-build-dir/arachni/system/usr/lib -Wl,-R/home/zapotek/arachni-build-dir/arachni/system/usr/lib -L. -fstack-protector -rdynamic -Wl,-export-dynamic -L/home/zapotek/arachni-build-dir/arachni/system/usr/lib  -Wl,-R/home/zapotek/arachni-build-dir/arachni/system/usr/lib      -Wl,-R/home/zapotek/arachni-build-dir/arachni/system/usr/lib -L/home/zapotek/arachni-build-dir/arachni/system/usr/lib -lruby  -lpthread -lrt -ldl -lcrypt -lm   -lc"
conftest.c: In function ‘t’:
conftest.c:13: warning: implicit declaration of function ‘rb_thread_blocking_region’
/tmp/cczY2kPT.o: In function `t':
/home/zapotek/arachni-build-dir/arachni/system/gems/gems/ffi-1.9.18/ext/ffi_c/conftest.c:13: undefined reference to `rb_thread_blocking_region'
collect2: ld returned 1 exit status
checked program was:
/* begin */
 1: #include "ruby.h"
 2: 
 3: /*top*/
 4: extern int t(void);
 5: int main(int argc, char **argv)
 6: {
 7:   if (argc > 1000000) {
 8:     printf("%p", &t);
 9:   }
10: 
11:   return 0;
12: }
13: int t(void) { rb_thread_blocking_region(); return 0; }
/* end */

--------------------

have_func: checking for rb_thread_call_with_gvl()... -------------------- yes

"gcc -o conftest -I/home/zapotek/arachni-build-dir/arachni/system/usr/include/ruby-2.2.0/x86_64-linux -I/home/zapotek/arachni-build-dir/arachni/system/usr/include/ruby-2.2.0/ruby/backward -I/home/zapotek/arachni-build-dir/arachni/system/usr/include/ruby-2.2.0 -I.  -I/home/zapotek/arachni-build-dir/arachni/system/usr/include    -O3 -fno-fast-math -ggdb3 -Wall -Wextra -Wno-unused-parameter -Wno-parentheses -Wno-long-long -Wno-missing-field-initializers -Wunused-variable -Wpointer-arith -Wwrite-strings -Wdeclaration-after-statement -Wimplicit-function-declaration -Wdeprecated-declarations -Wno-packed-bitfield-compat  -fPIC conftest.c  -L/home/zapotek/arachni-build-dir/arachni/system/usr/lib -Wl,-R/home/zapotek/arachni-build-dir/arachni/system/usr/lib -L. -L/home/zapotek/arachni-build-dir/arachni/system/usr/lib -Wl,-R/home/zapotek/arachni-build-dir/arachni/system/usr/lib -L. -fstack-protector -rdynamic -Wl,-export-dynamic -L/home/zapotek/arachni-build-dir/arachni/system/usr/lib  -Wl,-R/home/zapotek/arachni-build-dir/arachni/system/usr/lib      -Wl,-R/home/zapotek/arachni-build-dir/arachni/system/usr/lib -L/home/zapotek/arachni-build-dir/arachni/system/usr/lib -lruby  -lpthread -lrt -ldl -lcrypt -lm   -lc"
conftest.c: In function ‘t’:
conftest.c:13: error: ‘rb_thread_call_with_gvl’ undeclared (first use in this function)
conftest.c:13: error: (Each undeclared identifier is reported only once
conftest.c:13: error: for each function it appears in.)
checked program was:
/* begin */
 1: #include "ruby.h"
 2: 
 3: /*top*/
 4: extern int t(void);
 5: int main(int argc, char **argv)
 6: {
 7:   if (argc > 1000000) {
 8:     printf("%p", &t);
 9:   }
10: 
11:   return 0;
12: }
13: int t(void) { void ((*volatile p)()); p = (void ((*)()))rb_thread_call_with_gvl; return 0; }
/* end */

"gcc -o conftest -I/home/zapotek/arachni-build-dir/arachni/system/usr/include/ruby-2.2.0/x86_64-linux -I/home/zapotek/arachni-build-dir/arachni/system/usr/include/ruby-2.2.0/ruby/backward -I/home/zapotek/arachni-build-dir/arachni/system/usr/include/ruby-2.2.0 -I.  -I/home/zapotek/arachni-build-dir/arachni/system/usr/include    -O3 -fno-fast-math -ggdb3 -Wall -Wextra -Wno-unused-parameter -Wno-parentheses -Wno-long-long -Wno-missing-field-initializers -Wunused-variable -Wpointer-arith -Wwrite-strings -Wdeclaration-after-statement -Wimplicit-function-declaration -Wdeprecated-declarations -Wno-packed-bitfield-compat  -fPIC conftest.c  -L/home/zapotek/arachni-build-dir/arachni/system/usr/lib -Wl,-R/home/zapotek/arachni-build-dir/arachni/system/usr/lib -L. -L/home/zapotek/arachni-build-dir/arachni/system/usr/lib -Wl,-R/home/zapotek/arachni-build-dir/arachni/system/usr/lib -L. -fstack-protector -rdynamic -Wl,-export-dynamic -L/home/zapotek/arachni-build-dir/arachni/system/usr/lib  -Wl,-R/home/zapotek/arachni-build-dir/arachni/system/usr/lib      -Wl,-R/home/zapotek/arachni-build-dir/arachni/system/usr/lib -L/home/zapotek/arachni-build-dir/arachni/system/usr/lib -lruby  -lpthread -lrt -ldl -lcrypt -lm   -lc"
conftest.c: In function ‘t’:
conftest.c:13: warning: implicit declaration of function ‘rb_thread_call_with_gvl’
checked program was:
/* begin */
 1: #include "ruby.h"
 2: 
 3: /*top*/
 4: extern int t(void);
 5: int main(int argc, char **argv)
 6: {
 7:   if (argc > 1000000) {
 8:     printf("%p", &t);
 9:   }
10: 
11:   return 0;
12: }
13: int t(void) { rb_thread_call_with_gvl(); return 0; }
/* end */

--------------------

have_func: checking for rb_thread_call_without_gvl()... -------------------- yes

"gcc -o conftest -I/home/zapotek/arachni-build-dir/arachni/system/usr/include/ruby-2.2.0/x86_64-linux -I/home/zapotek/arachni-build-dir/arachni/system/usr/include/ruby-2.2.0/ruby/backward -I/home/zapotek/arachni-build-dir/arachni/system/usr/include/ruby-2.2.0 -I.  -I/home/zapotek/arachni-build-dir/arachni/system/usr/include    -O3 -fno-fast-math -ggdb3 -Wall -Wextra -Wno-unused-parameter -Wno-parentheses -Wno-long-long -Wno-missing-field-initializers -Wunused-variable -Wpointer-arith -Wwrite-strings -Wdeclaration-after-statement -Wimplicit-function-declaration -Wdeprecated-declarations -Wno-packed-bitfield-compat  -fPIC conftest.c  -L/home/zapotek/arachni-build-dir/arachni/system/usr/lib -Wl,-R/home/zapotek/arachni-build-dir/arachni/system/usr/lib -L. -L/home/zapotek/arachni-build-dir/arachni/system/usr/lib -Wl,-R/home/zapotek/arachni-build-dir/arachni/system/usr/lib -L. -fstack-protector -rdynamic -Wl,-export-dynamic -L/home/zapotek/arachni-build-dir/arachni/system/usr/lib  -Wl,-R/home/zapotek/arachni-build-dir/arachni/system/usr/lib      -Wl,-R/home/zapotek/arachni-build-dir/arachni/system/usr/lib -L/home/zapotek/arachni-build-dir/arachni/system/usr/lib -lruby  -lpthread -lrt -ldl -lcrypt -lm   -lc"
conftest.c: In function ‘t’:
conftest.c:13: error: ‘rb_thread_call_without_gvl’ undeclared (first use in this function)
conftest.c:13: error: (Each undeclared identifier is reported only once
conftest.c:13: error: for each function it appears in.)
checked program was:
/* begin */
 1: #include "ruby.h"
 2: 
 3: /*top*/
 4: extern int t(void);
 5: int main(int argc, char **argv)
 6: {
 7:   if (argc > 1000000) {
 8:     printf("%p", &t);
 9:   }
10: 
11:   return 0;
12: }
13: int t(void) { void ((*volatile p)()); p = (void ((*)()))rb_thread_call_without_gvl; return 0; }
/* end */

"gcc -o conftest -I/home/zapotek/arachni-build-dir/arachni/system/usr/include/ruby-2.2.0/x86_64-linux -I/home/zapotek/arachni-build-dir/arachni/system/usr/include/ruby-2.2.0/ruby/backward -I/home/zapotek/arachni-build-dir/arachni/system/usr/include/ruby-2.2.0 -I.  -I/home/zapotek/arachni-build-dir/arachni/system/usr/include    -O3 -fno-fast-math -ggdb3 -Wall -Wextra -Wno-unused-parameter -Wno-parentheses -Wno-long-long -Wno-missing-field-initializers -Wunused-variable -Wpointer-arith -Wwrite-strings -Wdeclaration-after-statement -Wimplicit-function-declaration -Wdeprecated-declarations -Wno-packed-bitfield-compat  -fPIC conftest.c  -L/home/zapotek/arachni-build-dir/arachni/system/usr/lib -Wl,-R/home/zapotek/arachni-build-dir/arachni/system/usr/lib -L. -L/home/zapotek/arachni-build-dir/arachni/system/usr/lib -Wl,-R/home/zapotek/arachni-build-dir/arachni/system/usr/lib -L. -fstack-protector -rdynamic -Wl,-export-dynamic -L/home/zapotek/arachni-build-dir/arachni/system/usr/lib  -Wl,-R/home/zapotek/arachni-build-dir/arachni/system/usr/lib      -Wl,-R/home/zapotek/arachni-build-dir/arachni/system/usr/lib -L/home/zapotek/arachni-build-dir/arachni/system/usr/lib -lruby  -lpthread -lrt -ldl -lcrypt -lm   -lc"
conftest.c: In function ‘t’:
conftest.c:13: warning: implicit declaration of function ‘rb_thread_call_without_gvl’
checked program was:
/* begin */
 1: #include "ruby.h"
 2: 
 3: /*top*/
 4: extern int t(void);
 5: int main(int argc, char **argv)
 6: {
 7:   if (argc > 1000000) {
 8:     printf("%p", &t);
 9:   }
10: 
11:   return 0;
12: }
13: int t(void) { rb_thread_call_without_gvl(); return 0; }
/* end */

--------------------

have_func: checking for ffi_prep_cif_var()... -------------------- no

"gcc -o conftest -I/home/zapotek/arachni-build-dir/arachni/system/usr/include/ruby-2.2.0/x86_64-linux -I/home/zapotek/arachni-build-dir/arachni/system/usr/include/ruby-2.2.0/ruby/backward -I/home/zapotek/arachni-build-dir/arachni/system/usr/include/ruby-2.2.0 -I.  -I/home/zapotek/arachni-build-dir/arachni/system/usr/include    -O3 -fno-fast-math -ggdb3 -Wall -Wextra -Wno-unused-parameter -Wno-parentheses -Wno-long-long -Wno-missing-field-initializers -Wunused-variable -Wpointer-arith -Wwrite-strings -Wdeclaration-after-statement -Wimplicit-function-declaration -Wdeprecated-declarations -Wno-packed-bitfield-compat  -fPIC conftest.c  -L/home/zapotek/arachni-build-dir/arachni/system/usr/lib -Wl,-R/home/zapotek/arachni-build-dir/arachni/system/usr/lib -L. -L/home/zapotek/arachni-build-dir/arachni/system/usr/lib -Wl,-R/home/zapotek/arachni-build-dir/arachni/system/usr/lib -L. -fstack-protector -rdynamic -Wl,-export-dynamic -L/home/zapotek/arachni-build-dir/arachni/system/usr/lib  -Wl,-R/home/zapotek/arachni-build-dir/arachni/system/usr/lib      -Wl,-R/home/zapotek/arachni-build-dir/arachni/system/usr/lib -L/home/zapotek/arachni-build-dir/arachni/system/usr/lib -lruby  -lpthread -lrt -ldl -lcrypt -lm   -lc"
conftest.c: In function ‘t’:
conftest.c:13: error: ‘ffi_prep_cif_var’ undeclared (first use in this function)
conftest.c:13: error: (Each undeclared identifier is reported only once
conftest.c:13: error: for each function it appears in.)
checked program was:
/* begin */
 1: #include "ruby.h"
 2: 
 3: /*top*/
 4: extern int t(void);
 5: int main(int argc, char **argv)
 6: {
 7:   if (argc > 1000000) {
 8:     printf("%p", &t);
 9:   }
10: 
11:   return 0;
12: }
13: int t(void) { void ((*volatile p)()); p = (void ((*)()))ffi_prep_cif_var; return 0; }
/* end */

"gcc -o conftest -I/home/zapotek/arachni-build-dir/arachni/system/usr/include/ruby-2.2.0/x86_64-linux -I/home/zapotek/arachni-build-dir/arachni/system/usr/include/ruby-2.2.0/ruby/backward -I/home/zapotek/arachni-build-dir/arachni/system/usr/include/ruby-2.2.0 -I.  -I/home/zapotek/arachni-build-dir/arachni/system/usr/include    -O3 -fno-fast-math -ggdb3 -Wall -Wextra -Wno-unused-parameter -Wno-parentheses -Wno-long-long -Wno-missing-field-initializers -Wunused-variable -Wpointer-arith -Wwrite-strings -Wdeclaration-after-statement -Wimplicit-function-declaration -Wdeprecated-declarations -Wno-packed-bitfield-compat  -fPIC conftest.c  -L/home/zapotek/arachni-build-dir/arachni/system/usr/lib -Wl,-R/home/zapotek/arachni-build-dir/arachni/system/usr/lib -L. -L/home/zapotek/arachni-build-dir/arachni/system/usr/lib -Wl,-R/home/zapotek/arachni-build-dir/arachni/system/usr/lib -L. -fstack-protector -rdynamic -Wl,-export-dynamic -L/home/zapotek/arachni-build-dir/arachni/system/usr/lib  -Wl,-R/home/zapotek/arachni-build-dir/arachni/system/usr/lib      -Wl,-R/home/zapotek/arachni-build-dir/arachni/system/usr/lib -L/home/zapotek/arachni-build-dir/arachni/system/usr/lib -lruby  -lpthread -lrt -ldl -lcrypt -lm   -lc"
conftest.c: In function ‘t’:
conftest.c:13: warning: implicit declaration of function ‘ffi_prep_cif_var’
/tmp/ccetsTgr.o: In function `t':
/home/zapotek/arachni-build-dir/arachni/system/gems/gems/ffi-1.9.18/ext/ffi_c/conftest.c:13: undefined reference to `ffi_prep_cif_var'
collect2: ld returned 1 exit status
checked program was:
/* begin */
 1: #include "ruby.h"
 2: 
 3: /*top*/
 4: extern int t(void);
 5: int main(int argc, char **argv)
 6: {
 7:   if (argc > 1000000) {
 8:     printf("%p", &t);
 9:   }
10: 
11:   return 0;
12: }
13: int t(void) { ffi_prep_cif_var(); return 0; }
/* end */

--------------------

extconf.h is:
/* begin */
1: #ifndef EXTCONF_H
2: #define EXTCONF_H
3: #define HAVE_RB_THREAD_CALL_WITH_GVL 1
4: #define HAVE_RB_THREAD_CALL_WITHOUT_GVL 1
5: #define USE_INTERNAL_LIBFFI 1
6: #define RUBY_1_9 1
7: #endif
/* end */

